<?xml version="1.0" encoding="UTF-8"?>
<!-- Generated by org.testng.reporters.JUnitReportReporter -->
<testsuite hostname="DESKTOP-CMQ45V3" name="practise.Practice" tests="1" failures="0" timestamp="3 Aug 2020 16:43:16 GMT" time="19.816" errors="0">
  <testcase name="clickGmailLink" time="19.816" classname="practise.Practice"/>
</testsuite> <!-- practise.Practice -->
