<?xml version="1.0" encoding="UTF-8"?>
<!-- Generated by org.testng.reporters.JUnitReportReporter -->
<testsuite hostname="DESKTOP-CMQ45V3" name="practise.ValidateErroeMsg" tests="1" failures="0" timestamp="24 Jan 2020 17:50:43 GMT" time="12.362" errors="0">
  <testcase name="test" time="12.362" classname="practise.ValidateErroeMsg"/>
</testsuite> <!-- practise.ValidateErroeMsg -->
