<?xml version="1.0" encoding="UTF-8"?>
<!-- Generated by org.testng.reporters.JUnitReportReporter -->
<testsuite hostname="DESKTOP-CMQ45V3" name="practise.ParameterizeTestNG" tests="3" failures="0" timestamp="12 Feb 2020 17:38:43 GMT" time="0.020" errors="0">
  <testcase name="firstTest" time="0.018" classname="practise.ParameterizeTestNG"/>
  <testcase name="secondTest" time="0.002" classname="practise.ParameterizeTestNG"/>
  <testcase name="thirdTest" time="0.000" classname="practise.ParameterizeTestNG"/>
</testsuite> <!-- practise.ParameterizeTestNG -->
